[[1;34mINFO[m] Scanning for projects...
[[1;34mINFO[m] 
[[1;34mINFO[m] [1m------------------------< [0;36mcom.ejsjose:tstcrud[0;1m >-------------------------[m
[[1;34mINFO[m] [1mBuilding tstcrud 1.0-SNAPSHOT[m
[[1;34mINFO[m] [1m--------------------------------[ jar ]---------------------------------[m
[[1;34mINFO[m] 
[[1;34mINFO[m] [1m--- [0;32mexec-maven-plugin:3.5.1:java[m [1m(default-cli)[m @ [36mtstcrud[0;1m ---[m
Hello world!
Jul 14, 2025 6:21:03 PM org.hibernate.ejb.HibernatePersistence logDeprecation
WARN: HHH015016: Encountered a deprecated javax.persistence.spi.PersistenceProvider [org.hibernate.ejb.HibernatePersistence]; use [org.hibernate.jpa.HibernatePersistenceProvider] instead.
Jul 14, 2025 6:21:03 PM org.hibernate.ejb.HibernatePersistence logDeprecation
WARN: HHH015016: Encountered a deprecated javax.persistence.spi.PersistenceProvider [org.hibernate.ejb.HibernatePersistence]; use [org.hibernate.jpa.HibernatePersistenceProvider] instead.
Jul 14, 2025 6:21:03 PM org.hibernate.ejb.HibernatePersistence logDeprecation
WARN: HHH015016: Encountered a deprecated javax.persistence.spi.PersistenceProvider [org.hibernate.ejb.HibernatePersistence]; use [org.hibernate.jpa.HibernatePersistenceProvider] instead.
Jul 14, 2025 6:21:03 PM org.hibernate.jpa.internal.util.LogHelper logPersistenceUnitInformation
INFO: HHH000204: Processing PersistenceUnitInfo [
	name: crudHibernatePU
	...]
Jul 14, 2025 6:21:03 PM org.hibernate.Version logVersion
INFO: HHH000412: Hibernate Core {4.3.11.Final}
Jul 14, 2025 6:21:03 PM org.hibernate.cfg.Environment <clinit>
INFO: HHH000206: hibernate.properties not found
Jul 14, 2025 6:21:03 PM org.hibernate.cfg.Environment buildBytecodeProvider
INFO: HHH000021: Bytecode provider name : javassist
Jul 14, 2025 6:21:03 PM org.hibernate.annotations.common.reflection.java.JavaReflectionManager <clinit>
INFO: HCANN000001: Hibernate Commons Annotations {4.0.5.Final}
Jul 14, 2025 6:21:03 PM org.hibernate.engine.jdbc.connections.internal.DriverManagerConnectionProviderImpl configure
WARN: HHH000402: Using Hibernate built-in connection pool (not for production use!)
Jul 14, 2025 6:21:03 PM org.hibernate.engine.jdbc.connections.internal.DriverManagerConnectionProviderImpl buildCreator
INFO: HHH000401: using driver [org.sqlite.JDBC] at URL [jdbc:sqlite:./tstcrud.db3]
Jul 14, 2025 6:21:03 PM org.hibernate.engine.jdbc.connections.internal.DriverManagerConnectionProviderImpl buildCreator
INFO: HHH000046: Connection properties: {}
Jul 14, 2025 6:21:03 PM org.hibernate.engine.jdbc.connections.internal.DriverManagerConnectionProviderImpl buildCreator
INFO: HHH000006: Autocommit mode: false
Jul 14, 2025 6:21:03 PM org.hibernate.engine.jdbc.connections.internal.DriverManagerConnectionProviderImpl configure
INFO: HHH000115: Hibernate connection pool size: 20 (min=1)
Jul 14, 2025 6:21:04 PM org.hibernate.dialect.Dialect <init>
INFO: HHH000400: Using dialect: com.ejsjose.infra.SQLiteDialect
Jul 14, 2025 6:21:04 PM org.hibernate.engine.jdbc.internal.LobCreatorBuilder useContextualLobCreation
INFO: HHH000423: Disabling contextual LOB creation as JDBC driver reported JDBC version [2] less than 4
Jul 14, 2025 6:21:04 PM org.hibernate.hql.internal.ast.ASTQueryTranslatorFactory <init>
INFO: HHH000397: Using ASTQueryTranslatorFactory
Jul 14, 2025 6:21:04 PM org.hibernate.proxy.pojo.javassist.JavassistLazyInitializer getProxyFactory
ERROR: HHH000142: Javassist Enhancement failed: com.ejsjose.entities.Product
java.lang.reflect.InaccessibleObjectException: Unable to make protected final java.lang.Class java.lang.ClassLoader.defineClass(java.lang.String,byte[],int,int,java.security.ProtectionDomain) throws java.lang.ClassFormatError accessible: module java.base does not "opens java.lang" to unnamed module @4cde2ebf
	at java.base/java.lang.reflect.AccessibleObject.throwInaccessibleObjectException(AccessibleObject.java:391)
	at java.base/java.lang.reflect.AccessibleObject.checkCanSetAccessible(AccessibleObject.java:367)
	at java.base/java.lang.reflect.AccessibleObject.checkCanSetAccessible(AccessibleObject.java:315)
	at java.base/java.lang.reflect.Method.checkCanSetAccessible(Method.java:203)
	at java.base/java.lang.reflect.Method.setAccessible(Method.java:197)
	at javassist.util.proxy.SecurityActions.setAccessible(SecurityActions.java:103)
	at javassist.util.proxy.FactoryHelper.toClass2(FactoryHelper.java:181)
	at javassist.util.proxy.FactoryHelper.toClass(FactoryHelper.java:164)
	at javassist.util.proxy.ProxyFactory.createClass3(ProxyFactory.java:507)
	at javassist.util.proxy.ProxyFactory.createClass2(ProxyFactory.java:492)
	at javassist.util.proxy.ProxyFactory.createClass1(ProxyFactory.java:428)
	at javassist.util.proxy.ProxyFactory.createClass(ProxyFactory.java:400)
	at org.hibernate.proxy.pojo.javassist.JavassistLazyInitializer.getProxyFactory(JavassistLazyInitializer.java:162)
	at org.hibernate.proxy.pojo.javassist.JavassistProxyFactory.postInstantiate(JavassistProxyFactory.java:67)
	at org.hibernate.tuple.entity.PojoEntityTuplizer.buildProxyFactory(PojoEntityTuplizer.java:224)
	at org.hibernate.tuple.entity.AbstractEntityTuplizer.<init>(AbstractEntityTuplizer.java:212)
	at org.hibernate.tuple.entity.PojoEntityTuplizer.<init>(PojoEntityTuplizer.java:80)
	at java.base/jdk.internal.reflect.DirectConstructorHandleAccessor.newInstance(DirectConstructorHandleAccessor.java:62)
	at java.base/java.lang.reflect.Constructor.newInstanceWithCaller(Constructor.java:502)
	at java.base/java.lang.reflect.Constructor.newInstance(Constructor.java:486)
	at org.hibernate.tuple.entity.EntityTuplizerFactory.constructTuplizer(EntityTuplizerFactory.java:135)
	at org.hibernate.tuple.entity.EntityTuplizerFactory.constructDefaultTuplizer(EntityTuplizerFactory.java:188)
	at org.hibernate.tuple.entity.EntityMetamodel.<init>(EntityMetamodel.java:403)
	at org.hibernate.persister.entity.AbstractEntityPersister.<init>(AbstractEntityPersister.java:520)
	at org.hibernate.persister.entity.SingleTableEntityPersister.<init>(SingleTableEntityPersister.java:148)
	at java.base/jdk.internal.reflect.DirectConstructorHandleAccessor.newInstance(DirectConstructorHandleAccessor.java:62)
	at java.base/java.lang.reflect.Constructor.newInstanceWithCaller(Constructor.java:502)
	at java.base/java.lang.reflect.Constructor.newInstance(Constructor.java:486)
	at org.hibernate.persister.internal.PersisterFactoryImpl.create(PersisterFactoryImpl.java:163)
	at org.hibernate.persister.internal.PersisterFactoryImpl.createEntityPersister(PersisterFactoryImpl.java:135)
	at org.hibernate.internal.SessionFactoryImpl.<init>(SessionFactoryImpl.java:401)
	at org.hibernate.cfg.Configuration.buildSessionFactory(Configuration.java:1859)
	at org.hibernate.jpa.boot.internal.EntityManagerFactoryBuilderImpl$4.perform(EntityManagerFactoryBuilderImpl.java:857)
	at org.hibernate.jpa.boot.internal.EntityManagerFactoryBuilderImpl$4.perform(EntityManagerFactoryBuilderImpl.java:850)
	at org.hibernate.boot.registry.classloading.internal.ClassLoaderServiceImpl.withTccl(ClassLoaderServiceImpl.java:425)
	at org.hibernate.jpa.boot.internal.EntityManagerFactoryBuilderImpl.build(EntityManagerFactoryBuilderImpl.java:849)
	at org.hibernate.jpa.HibernatePersistenceProvider.createEntityManagerFactory(HibernatePersistenceProvider.java:75)
	at org.hibernate.ejb.HibernatePersistence.createEntityManagerFactory(HibernatePersistence.java:54)
	at javax.persistence.Persistence.createEntityManagerFactory(Persistence.java:55)
	at javax.persistence.Persistence.createEntityManagerFactory(Persistence.java:39)
	at com.ejsjose.infra.HibernateUtil.<clinit>(HibernateUtil.java:9)
	at com.ejsjose.repositories.repoProduct.salvar(repoProduct.java:13)
	at com.ejsjose.Main.main(Main.java:20)
	at org.codehaus.mojo.exec.ExecJavaMojo.doMain(ExecJavaMojo.java:371)
	at org.codehaus.mojo.exec.ExecJavaMojo.doExec(ExecJavaMojo.java:360)
	at org.codehaus.mojo.exec.ExecJavaMojo.lambda$execute$0(ExecJavaMojo.java:280)
	at java.base/java.lang.Thread.run(Thread.java:1583)

Jul 14, 2025 6:21:04 PM org.hibernate.tuple.entity.PojoEntityTuplizer buildProxyFactory
WARN: HHH000305: Could not create proxy factory for:com.ejsjose.entities.Product
org.hibernate.HibernateException: HHH000142: Javassist Enhancement failed: com.ejsjose.entities.Product
	at org.hibernate.proxy.pojo.javassist.JavassistLazyInitializer.getProxyFactory(JavassistLazyInitializer.java:166)
	at org.hibernate.proxy.pojo.javassist.JavassistProxyFactory.postInstantiate(JavassistProxyFactory.java:67)
	at org.hibernate.tuple.entity.PojoEntityTuplizer.buildProxyFactory(PojoEntityTuplizer.java:224)
	at org.hibernate.tuple.entity.AbstractEntityTuplizer.<init>(AbstractEntityTuplizer.java:212)
	at org.hibernate.tuple.entity.PojoEntityTuplizer.<init>(PojoEntityTuplizer.java:80)
	at java.base/jdk.internal.reflect.DirectConstructorHandleAccessor.newInstance(DirectConstructorHandleAccessor.java:62)
	at java.base/java.lang.reflect.Constructor.newInstanceWithCaller(Constructor.java:502)
	at java.base/java.lang.reflect.Constructor.newInstance(Constructor.java:486)
	at org.hibernate.tuple.entity.EntityTuplizerFactory.constructTuplizer(EntityTuplizerFactory.java:135)
	at org.hibernate.tuple.entity.EntityTuplizerFactory.constructDefaultTuplizer(EntityTuplizerFactory.java:188)
	at org.hibernate.tuple.entity.EntityMetamodel.<init>(EntityMetamodel.java:403)
	at org.hibernate.persister.entity.AbstractEntityPersister.<init>(AbstractEntityPersister.java:520)
	at org.hibernate.persister.entity.SingleTableEntityPersister.<init>(SingleTableEntityPersister.java:148)
	at java.base/jdk.internal.reflect.DirectConstructorHandleAccessor.newInstance(DirectConstructorHandleAccessor.java:62)
	at java.base/java.lang.reflect.Constructor.newInstanceWithCaller(Constructor.java:502)
	at java.base/java.lang.reflect.Constructor.newInstance(Constructor.java:486)
	at org.hibernate.persister.internal.PersisterFactoryImpl.create(PersisterFactoryImpl.java:163)
	at org.hibernate.persister.internal.PersisterFactoryImpl.createEntityPersister(PersisterFactoryImpl.java:135)
	at org.hibernate.internal.SessionFactoryImpl.<init>(SessionFactoryImpl.java:401)
	at org.hibernate.cfg.Configuration.buildSessionFactory(Configuration.java:1859)
	at org.hibernate.jpa.boot.internal.EntityManagerFactoryBuilderImpl$4.perform(EntityManagerFactoryBuilderImpl.java:857)
	at org.hibernate.jpa.boot.internal.EntityManagerFactoryBuilderImpl$4.perform(EntityManagerFactoryBuilderImpl.java:850)
	at org.hibernate.boot.registry.classloading.internal.ClassLoaderServiceImpl.withTccl(ClassLoaderServiceImpl.java:425)
	at org.hibernate.jpa.boot.internal.EntityManagerFactoryBuilderImpl.build(EntityManagerFactoryBuilderImpl.java:849)
	at org.hibernate.jpa.HibernatePersistenceProvider.createEntityManagerFactory(HibernatePersistenceProvider.java:75)
	at org.hibernate.ejb.HibernatePersistence.createEntityManagerFactory(HibernatePersistence.java:54)
	at javax.persistence.Persistence.createEntityManagerFactory(Persistence.java:55)
	at javax.persistence.Persistence.createEntityManagerFactory(Persistence.java:39)
	at com.ejsjose.infra.HibernateUtil.<clinit>(HibernateUtil.java:9)
	at com.ejsjose.repositories.repoProduct.salvar(repoProduct.java:13)
	at com.ejsjose.Main.main(Main.java:20)
	at org.codehaus.mojo.exec.ExecJavaMojo.doMain(ExecJavaMojo.java:371)
	at org.codehaus.mojo.exec.ExecJavaMojo.doExec(ExecJavaMojo.java:360)
	at org.codehaus.mojo.exec.ExecJavaMojo.lambda$execute$0(ExecJavaMojo.java:280)
	at java.base/java.lang.Thread.run(Thread.java:1583)
Caused by: java.lang.reflect.InaccessibleObjectException: Unable to make protected final java.lang.Class java.lang.ClassLoader.defineClass(java.lang.String,byte[],int,int,java.security.ProtectionDomain) throws java.lang.ClassFormatError accessible: module java.base does not "opens java.lang" to unnamed module @4cde2ebf
	at java.base/java.lang.reflect.AccessibleObject.throwInaccessibleObjectException(AccessibleObject.java:391)
	at java.base/java.lang.reflect.AccessibleObject.checkCanSetAccessible(AccessibleObject.java:367)
	at java.base/java.lang.reflect.AccessibleObject.checkCanSetAccessible(AccessibleObject.java:315)
	at java.base/java.lang.reflect.Method.checkCanSetAccessible(Method.java:203)
	at java.base/java.lang.reflect.Method.setAccessible(Method.java:197)
	at javassist.util.proxy.SecurityActions.setAccessible(SecurityActions.java:103)
	at javassist.util.proxy.FactoryHelper.toClass2(FactoryHelper.java:181)
	at javassist.util.proxy.FactoryHelper.toClass(FactoryHelper.java:164)
	at javassist.util.proxy.ProxyFactory.createClass3(ProxyFactory.java:507)
	at javassist.util.proxy.ProxyFactory.createClass2(ProxyFactory.java:492)
	at javassist.util.proxy.ProxyFactory.createClass1(ProxyFactory.java:428)
	at javassist.util.proxy.ProxyFactory.createClass(ProxyFactory.java:400)
	at org.hibernate.proxy.pojo.javassist.JavassistLazyInitializer.getProxyFactory(JavassistLazyInitializer.java:162)
	... 34 more

Jul 14, 2025 6:21:04 PM org.hibernate.tool.hbm2ddl.SchemaExport execute
INFO: HHH000227: Running hbm2ddl schema export
Hibernate: drop table if exists products
Hibernate: create table products (id INTEGER AUTOINCREMENT, name TEXT, price DOUBLE, quantity INTEGER not null, status boolean not null, primary key (id))
Jul 14, 2025 6:21:04 PM org.hibernate.tool.hbm2ddl.SchemaExport perform
ERROR: HHH000389: Unsuccessful: create table products (id INTEGER AUTOINCREMENT, name TEXT, price DOUBLE, quantity INTEGER not null, status boolean not null, primary key (id))
Jul 14, 2025 6:21:04 PM org.hibernate.tool.hbm2ddl.SchemaExport perform
ERROR: [SQLITE_ERROR] SQL error or missing database (near "AUTOINCREMENT": syntax error)
Jul 14, 2025 6:21:04 PM org.hibernate.tool.hbm2ddl.SchemaExport execute
INFO: HHH000230: Schema export complete
Hibernate: insert into products (id, name, price, quantity, status) values (insert, ?, ?, ?, ?)
Jul 14, 2025 6:21:04 PM org.hibernate.engine.jdbc.spi.SqlExceptionHelper logExceptions
WARN: SQL Error: 1, SQLState: null
Jul 14, 2025 6:21:04 PM org.hibernate.engine.jdbc.spi.SqlExceptionHelper logExceptions
ERROR: [SQLITE_ERROR] SQL error or missing database (near "insert": syntax error)
[[1;33mWARNING[m] 
[1;31mjavax.persistence.PersistenceException[m: [1;31morg.hibernate.exception.GenericJDBCException: could not prepare statement[m
    [1mat[m org.hibernate.jpa.spi.AbstractEntityManagerImpl.convert ([1mAbstractEntityManagerImpl.java:1763[m)
    [1mat[m org.hibernate.jpa.spi.AbstractEntityManagerImpl.convert ([1mAbstractEntityManagerImpl.java:1677[m)
    [1mat[m org.hibernate.jpa.spi.AbstractEntityManagerImpl.convert ([1mAbstractEntityManagerImpl.java:1683[m)
    [1mat[m org.hibernate.jpa.spi.AbstractEntityManagerImpl.persist ([1mAbstractEntityManagerImpl.java:1187[m)
    [1mat[m com.ejsjose.repositories.repoProduct.salvar ([1mrepoProduct.java:15[m)
    [1mat[m com.ejsjose.Main.main ([1mMain.java:20[m)
    [1mat[m org.codehaus.mojo.exec.ExecJavaMojo.doMain ([1mExecJavaMojo.java:371[m)
    [1mat[m org.codehaus.mojo.exec.ExecJavaMojo.doExec ([1mExecJavaMojo.java:360[m)
    [1mat[m org.codehaus.mojo.exec.ExecJavaMojo.lambda$execute$0 ([1mExecJavaMojo.java:280[m)
    [1mat[m java.lang.Thread.run ([1mThread.java:1583[m)
[1mCaused by[m: org.hibernate.exception.GenericJDBCException: [1;31mcould not prepare statement[m
    [1mat[m org.hibernate.exception.internal.StandardSQLExceptionConverter.convert ([1mStandardSQLExceptionConverter.java:54[m)
    [1mat[m org.hibernate.engine.jdbc.spi.SqlExceptionHelper.convert ([1mSqlExceptionHelper.java:126[m)
    [1mat[m org.hibernate.engine.jdbc.internal.StatementPreparerImpl$StatementPreparationTemplate.prepareStatement ([1mStatementPreparerImpl.java:196[m)
    [1mat[m org.hibernate.engine.jdbc.internal.StatementPreparerImpl.prepareStatement ([1mStatementPreparerImpl.java:122[m)
    [1mat[m org.hibernate.id.IdentityGenerator$GetGeneratedKeysDelegate.prepare ([1mIdentityGenerator.java:89[m)
    [1mat[m org.hibernate.id.insert.AbstractReturningDelegate.performInsert ([1mAbstractReturningDelegate.java:55[m)
    [1mat[m org.hibernate.persister.entity.AbstractEntityPersister.insert ([1mAbstractEntityPersister.java:3032[m)
    [1mat[m org.hibernate.persister.entity.AbstractEntityPersister.insert ([1mAbstractEntityPersister.java:3558[m)
    [1mat[m org.hibernate.action.internal.EntityIdentityInsertAction.execute ([1mEntityIdentityInsertAction.java:98[m)
    [1mat[m org.hibernate.engine.spi.ActionQueue.execute ([1mActionQueue.java:492[m)
    [1mat[m org.hibernate.engine.spi.ActionQueue.addResolvedEntityInsertAction ([1mActionQueue.java:197[m)
    [1mat[m org.hibernate.engine.spi.ActionQueue.addInsertAction ([1mActionQueue.java:181[m)
    [1mat[m org.hibernate.engine.spi.ActionQueue.addAction ([1mActionQueue.java:216[m)
    [1mat[m org.hibernate.event.internal.AbstractSaveEventListener.addInsertAction ([1mAbstractSaveEventListener.java:334[m)
    [1mat[m org.hibernate.event.internal.AbstractSaveEventListener.performSaveOrReplicate ([1mAbstractSaveEventListener.java:289[m)
    [1mat[m org.hibernate.event.internal.AbstractSaveEventListener.performSave ([1mAbstractSaveEventListener.java:195[m)
    [1mat[m org.hibernate.event.internal.AbstractSaveEventListener.saveWithGeneratedId ([1mAbstractSaveEventListener.java:126[m)
    [1mat[m org.hibernate.jpa.event.internal.core.JpaPersistEventListener.saveWithGeneratedId ([1mJpaPersistEventListener.java:84[m)
    [1mat[m org.hibernate.event.internal.DefaultPersistEventListener.entityIsTransient ([1mDefaultPersistEventListener.java:206[m)
    [1mat[m org.hibernate.event.internal.DefaultPersistEventListener.onPersist ([1mDefaultPersistEventListener.java:149[m)
    [1mat[m org.hibernate.event.internal.DefaultPersistEventListener.onPersist ([1mDefaultPersistEventListener.java:75[m)
    [1mat[m org.hibernate.internal.SessionImpl.firePersist ([1mSessionImpl.java:811[m)
    [1mat[m org.hibernate.internal.SessionImpl.persist ([1mSessionImpl.java:784[m)
    [1mat[m org.hibernate.internal.SessionImpl.persist ([1mSessionImpl.java:789[m)
    [1mat[m org.hibernate.jpa.spi.AbstractEntityManagerImpl.persist ([1mAbstractEntityManagerImpl.java:1181[m)
    [1mat[m com.ejsjose.repositories.repoProduct.salvar ([1mrepoProduct.java:15[m)
    [1mat[m com.ejsjose.Main.main ([1mMain.java:20[m)
    [1mat[m org.codehaus.mojo.exec.ExecJavaMojo.doMain ([1mExecJavaMojo.java:371[m)
    [1mat[m org.codehaus.mojo.exec.ExecJavaMojo.doExec ([1mExecJavaMojo.java:360[m)
    [1mat[m org.codehaus.mojo.exec.ExecJavaMojo.lambda$execute$0 ([1mExecJavaMojo.java:280[m)
    [1mat[m java.lang.Thread.run ([1mThread.java:1583[m)
[1mCaused by[m: org.sqlite.SQLiteException: [1;31m[SQLITE_ERROR] SQL error or missing database (near "insert": syntax error)[m
    [1mat[m org.sqlite.core.DB.newSQLException ([1mDB.java:1012[m)
    [1mat[m org.sqlite.core.DB.newSQLException ([1mDB.java:1024[m)
    [1mat[m org.sqlite.core.DB.throwex ([1mDB.java:989[m)
    [1mat[m org.sqlite.core.NativeDB.prepare_utf8 ([1mNative Method[m)
    [1mat[m org.sqlite.core.NativeDB.prepare ([1mNativeDB.java:134[m)
    [1mat[m org.sqlite.core.DB.prepare ([1mDB.java:257[m)
    [1mat[m org.sqlite.core.CorePreparedStatement.<init> ([1mCorePreparedStatement.java:45[m)
    [1mat[m org.sqlite.jdbc3.JDBC3PreparedStatement.<init> ([1mJDBC3PreparedStatement.java:30[m)
    [1mat[m org.sqlite.jdbc4.JDBC4PreparedStatement.<init> ([1mJDBC4PreparedStatement.java:25[m)
    [1mat[m org.sqlite.jdbc4.JDBC4Connection.prepareStatement ([1mJDBC4Connection.java:35[m)
    [1mat[m org.sqlite.jdbc3.JDBC3Connection.prepareStatement ([1mJDBC3Connection.java:241[m)
    [1mat[m org.sqlite.jdbc3.JDBC3Connection.prepareStatement ([1mJDBC3Connection.java:205[m)
    [1mat[m org.sqlite.jdbc3.JDBC3Connection.prepareStatement ([1mJDBC3Connection.java:214[m)
    [1mat[m org.hibernate.engine.jdbc.internal.StatementPreparerImpl$2.doPrepare ([1mStatementPreparerImpl.java:124[m)
    [1mat[m org.hibernate.engine.jdbc.internal.StatementPreparerImpl$StatementPreparationTemplate.prepareStatement ([1mStatementPreparerImpl.java:186[m)
    [1mat[m org.hibernate.engine.jdbc.internal.StatementPreparerImpl.prepareStatement ([1mStatementPreparerImpl.java:122[m)
    [1mat[m org.hibernate.id.IdentityGenerator$GetGeneratedKeysDelegate.prepare ([1mIdentityGenerator.java:89[m)
    [1mat[m org.hibernate.id.insert.AbstractReturningDelegate.performInsert ([1mAbstractReturningDelegate.java:55[m)
    [1mat[m org.hibernate.persister.entity.AbstractEntityPersister.insert ([1mAbstractEntityPersister.java:3032[m)
    [1mat[m org.hibernate.persister.entity.AbstractEntityPersister.insert ([1mAbstractEntityPersister.java:3558[m)
    [1mat[m org.hibernate.action.internal.EntityIdentityInsertAction.execute ([1mEntityIdentityInsertAction.java:98[m)
    [1mat[m org.hibernate.engine.spi.ActionQueue.execute ([1mActionQueue.java:492[m)
    [1mat[m org.hibernate.engine.spi.ActionQueue.addResolvedEntityInsertAction ([1mActionQueue.java:197[m)
    [1mat[m org.hibernate.engine.spi.ActionQueue.addInsertAction ([1mActionQueue.java:181[m)
    [1mat[m org.hibernate.engine.spi.ActionQueue.addAction ([1mActionQueue.java:216[m)
    [1mat[m org.hibernate.event.internal.AbstractSaveEventListener.addInsertAction ([1mAbstractSaveEventListener.java:334[m)
    [1mat[m org.hibernate.event.internal.AbstractSaveEventListener.performSaveOrReplicate ([1mAbstractSaveEventListener.java:289[m)
    [1mat[m org.hibernate.event.internal.AbstractSaveEventListener.performSave ([1mAbstractSaveEventListener.java:195[m)
    [1mat[m org.hibernate.event.internal.AbstractSaveEventListener.saveWithGeneratedId ([1mAbstractSaveEventListener.java:126[m)
    [1mat[m org.hibernate.jpa.event.internal.core.JpaPersistEventListener.saveWithGeneratedId ([1mJpaPersistEventListener.java:84[m)
    [1mat[m org.hibernate.event.internal.DefaultPersistEventListener.entityIsTransient ([1mDefaultPersistEventListener.java:206[m)
    [1mat[m org.hibernate.event.internal.DefaultPersistEventListener.onPersist ([1mDefaultPersistEventListener.java:149[m)
    [1mat[m org.hibernate.event.internal.DefaultPersistEventListener.onPersist ([1mDefaultPersistEventListener.java:75[m)
    [1mat[m org.hibernate.internal.SessionImpl.firePersist ([1mSessionImpl.java:811[m)
    [1mat[m org.hibernate.internal.SessionImpl.persist ([1mSessionImpl.java:784[m)
    [1mat[m org.hibernate.internal.SessionImpl.persist ([1mSessionImpl.java:789[m)
    [1mat[m org.hibernate.jpa.spi.AbstractEntityManagerImpl.persist ([1mAbstractEntityManagerImpl.java:1181[m)
    [1mat[m com.ejsjose.repositories.repoProduct.salvar ([1mrepoProduct.java:15[m)
    [1mat[m com.ejsjose.Main.main ([1mMain.java:20[m)
    [1mat[m org.codehaus.mojo.exec.ExecJavaMojo.doMain ([1mExecJavaMojo.java:371[m)
    [1mat[m org.codehaus.mojo.exec.ExecJavaMojo.doExec ([1mExecJavaMojo.java:360[m)
    [1mat[m org.codehaus.mojo.exec.ExecJavaMojo.lambda$execute$0 ([1mExecJavaMojo.java:280[m)
    [1mat[m java.lang.Thread.run ([1mThread.java:1583[m)
